<?xml version="1.0" encoding="UTF-8"?>
<!-- Generated by org.testng.reporters.JUnitReportReporter -->
<testsuite hostname="LAPTOP-TQF9L3EO" failures="0" tests="1" name="piit.automtion.Browsers" time="0.003" errors="0" timestamp="2022-05-10T20:36:21 EDT" skipped="0">
  <testcase classname="piit.automtion.Browsers" name="f" time="0.003"/>
  <system-out/>
</testsuite> <!-- piit.automtion.Browsers -->
